<?xml version="1.0" encoding="UTF-8"?>
<!-- Generated by org.testng.reporters.JUnitReportReporter -->
<testsuite hostname="LAPTOP-0BD3UPIP" failures="0" tests="5" name="swaglab_test.LoginTest" time="11.999" errors="0" timestamp="07 Jun 2025 17:24:26 GMT" skipped="0">
  <testcase classname="swaglab_test.LoginTest" name="LoginFailureTestFromProperties" time="2.452"/>
  <testcase classname="swaglab_test.LoginTest" name="LockedUserLoginFailureTest" time="2.366"/>
  <testcase classname="swaglab_test.LoginTest" name="LoginSuccessTest" time="2.426"/>
  <testcase classname="swaglab_test.LoginTest" name="LoginFailureTestFromExcel" time="2.525"/>
  <testcase classname="swaglab_test.LoginTest" name="LoginFailureTest" time="2.230"/>
</testsuite> <!-- swaglab_test.LoginTest -->
