<?xml version="1.0" encoding="UTF-8"?>
<!-- Generated by org.testng.reporters.JUnitReportReporter -->
<testsuite hostname="LAPTOP-0BD3UPIP" failures="0" tests="1" name="swaglab_test.ProductsTest" time="2.418" errors="0" timestamp="13 Apr 2025 13:50:12 GMT" skipped="0">
  <testcase classname="swaglab_test.ProductsTest" name="AddToCartTest" time="2.418"/>
</testsuite> <!-- swaglab_test.ProductsTest -->
