<?xml version="1.0" encoding="UTF-8"?>
<!-- Generated by org.testng.reporters.JUnitReportReporter -->
<testsuite hostname="LAPTOP-0BD3UPIP" failures="0" tests="1" name="testng.AnnotationsExample2" time="0.001" errors="0" timestamp="12 Apr 2025 13:15:51 GMT" skipped="0">
  <testcase classname="testng.AnnotationsExample2" name="test3" time="0.001"/>
</testsuite> <!-- testng.AnnotationsExample2 -->
