<?xml version="1.0" encoding="UTF-8"?>
<!-- Generated by org.testng.reporters.JUnitReportReporter -->
<testsuite hostname="LAPTOP-0BD3UPIP" failures="0" tests="1" name="testng.AnnotationsExample" time="0.006" errors="0" timestamp="12 Apr 2025 13:15:51 GMT" skipped="0">
  <testcase classname="testng.AnnotationsExample" name="test1" time="0.006"/>
</testsuite> <!-- testng.AnnotationsExample -->
