<?xml version="1.0" encoding="UTF-8"?>
<!-- Generated by org.testng.reporters.JUnitReportReporter -->
<testsuite hostname="LAPTOP-0BD3UPIP" failures="0" tests="5" name="swaglab_test.LoginTest" time="8.390" errors="0" timestamp="21 Jun 2025 14:34:10 GMT" skipped="0">
  <testcase classname="swaglab_test.LoginTest" name="LoginSuccessTest" time="1.623"/>
  <testcase classname="swaglab_test.LoginTest" name="LockedUserLoginFailureTest" time="1.659"/>
  <testcase classname="swaglab_test.LoginTest" name="LoginFailureTestFromProperties" time="1.904"/>
  <testcase classname="swaglab_test.LoginTest" name="LoginFailureTestFromExcel" time="1.560"/>
  <testcase classname="swaglab_test.LoginTest" name="LoginFailureTest" time="1.644"/>
</testsuite> <!-- swaglab_test.LoginTest -->
