<?xml version="1.0" encoding="UTF-8"?>
<!-- Generated by org.testng.reporters.JUnitReportReporter -->
<testsuite hostname="LAPTOP-0BD3UPIP" failures="0" tests="5" name="swaglab_test.LoginTest" time="16.973" errors="0" timestamp="08 Jun 2025 15:11:16 GMT" skipped="0">
  <testcase classname="swaglab_test.LoginTest" name="LoginFailureTestFromProperties" time="3.139"/>
  <testcase classname="swaglab_test.LoginTest" name="LoginSuccessTest" time="4.153"/>
  <testcase classname="swaglab_test.LoginTest" name="LockedUserLoginFailureTest" time="3.476"/>
  <testcase classname="swaglab_test.LoginTest" name="LoginFailureTestFromExcel" time="3.009"/>
  <testcase classname="swaglab_test.LoginTest" name="LoginFailureTest" time="3.196"/>
</testsuite> <!-- swaglab_test.LoginTest -->
