<?xml version="1.0" encoding="UTF-8"?>
<!-- Generated by org.testng.reporters.JUnitReportReporter -->
<testsuite hostname="LAPTOP-0BD3UPIP" failures="0" tests="5" name="swaglab_test.LoginTest" time="15.809" errors="0" timestamp="08 Jun 2025 13:59:00 GMT" skipped="0">
  <testcase classname="swaglab_test.LoginTest" name="LockedUserLoginFailureTest" time="1.984"/>
  <testcase classname="swaglab_test.LoginTest" name="LoginFailureTestFromProperties" time="2.057"/>
  <testcase classname="swaglab_test.LoginTest" name="LoginSuccessTest" time="7.686"/>
  <testcase classname="swaglab_test.LoginTest" name="LoginFailureTestFromExcel" time="2.023"/>
  <testcase classname="swaglab_test.LoginTest" name="LoginFailureTest" time="2.059"/>
</testsuite> <!-- swaglab_test.LoginTest -->
